#
# There is insufficient memory for the Java Runtime Environment to continue.
# Native memory allocation (mmap) failed to map 130023424 bytes for G1 virtual space
# Possible reasons:
#   The system is out of physical RAM or swap space
#   The process is running with CompressedOops enabled, and the Java Heap may be blocking the growth of the native heap
# Possible solutions:
#   Reduce memory load on the system
#   Increase physical memory or swap space
#   Check if swap backing store is full
#   Decrease Java heap size (-Xmx/-Xms)
#   Decrease number of Java threads
#   Decrease Java thread stack sizes (-Xss)
#   Set larger code cache with -XX:ReservedCodeCacheSize=
#   JVM is running with Unscaled Compressed Oops mode in which the Java heap is
#     placed in the first 4GB address space. The Java Heap base address is the
#     maximum limit for the native heap growth. Please use -XX:HeapBaseMinAddress
#     to set the Java Heap base and to place the Java Heap above 4GB virtual address.
# This output file may be truncated or incomplete.
#
#  Out of Memory Error (os_windows.cpp:3548), pid=24324, tid=33936
#
# JRE version:  (17.0.12+8) (build )
# Java VM: Java HotSpot(TM) 64-Bit Server VM (17.0.12+8-LTS-286, mixed mode, sharing, tiered, compressed oops, compressed class ptrs, g1 gc, windows-amd64)
# No core dump will be written. Minidumps are not enabled by default on client versions of Windows
#

---------------  S U M M A R Y ------------

Command Line: -javaagent:C:\Program Files\JetBrains\IntelliJ IDEA Community Edition 2024.2.3\lib\idea_rt.jar=63349:C:\Program Files\JetBrains\IntelliJ IDEA Community Edition 2024.2.3\bin -Dfile.encoding=UTF-8 com.priyanshi.LearningSpringBoot.LearningSpringBootApplication

Host: 11th Gen Intel(R) Core(TM) i5-1135G7 @ 2.40GHz, 8 cores, 7G,  Windows 11 , 64 bit Build 26100 (10.0.26100.4484)
Time: Wed Aug 13 02:32:29 2025 India Standard Time elapsed time: 1.230265 seconds (0d 0h 0m 1s)

---------------  T H R E A D  ---------------

Current thread (0x000001f29a242d40):  JavaThread "Unknown thread" [_thread_in_vm, id=33936, stack(0x00000017a0d00000,0x00000017a0e00000)]

Stack: [0x00000017a0d00000,0x00000017a0e00000]
Native frames: (J=compiled Java code, j=interpreted, Vv=VM code, C=native code)
V  [jvm.dll+0x67a04a]
V  [jvm.dll+0x7da4ed]
V  [jvm.dll+0x7dbe33]
V  [jvm.dll+0x7dc4a3]
V  [jvm.dll+0x24508f]
V  [jvm.dll+0x677089]
V  [jvm.dll+0x66bd32]
V  [jvm.dll+0x301fa6]
V  [jvm.dll+0x309546]
V  [jvm.dll+0x359d2e]
V  [jvm.dll+0x359f5f]
V  [jvm.dll+0x2d9078]
V  [jvm.dll+0x2d9fe4]
V  [jvm.dll+0x7aca21]
V  [jvm.dll+0x367591]
V  [jvm.dll+0x78b999]
V  [jvm.dll+0x3ec83f]
V  [jvm.dll+0x3ee471]
C  [jli.dll+0x5297]
C  [ucrtbase.dll+0x37b0]
C  [KERNEL32.DLL+0x2e8d7]
C  [ntdll.dll+0x3c34c]


---------------  P R O C E S S  ---------------

Threads class SMR info:
_java_thread_list=0x00007ffd317c7a18, length=0, elements={
}

Java Threads: ( => current thread )

Other Threads:
  0x000001f29a29c380 GCTaskThread "GC Thread#0" [stack: 0x00000017a0e00000,0x00000017a0f00000] [id=26220]
  0x000001f29a2ac7d0 ConcurrentGCThread "G1 Main Marker" [stack: 0x00000017a0f00000,0x00000017a1000000] [id=38048]
  0x000001f29a2adeb0 ConcurrentGCThread "G1 Conc#0" [stack: 0x00000017a1000000,0x00000017a1100000] [id=38408]

[error occurred during error reporting (printing all threads), id 0xc0000005, EXCEPTION_ACCESS_VIOLATION (0xc0000005) at pc=0x00007ffd30ff9b67]

VM state: not at safepoint (not fully initialized)

VM Mutex/Monitor currently owned by a thread:  ([mutex/lock_event])
[0x000001f29a23e610] Heap_lock - owner thread: 0x000001f29a242d40

Heap address: 0x0000000085800000, size: 1960 MB, Compressed Oops mode: 32-bit

CDS archive(s) mapped at: [0x0000000000000000-0x0000000000000000-0x0000000000000000), size 0, SharedBaseAddress: 0x0000000800000000, ArchiveRelocationMode: 1.
Narrow klass base: 0x0000000000000000, Narrow klass shift: 0, Narrow klass range: 0x0

GC Precious Log:
<Empty>

Heap:
 garbage-first heap   total 0K, used 0K [0x0000000085800000, 0x0000000100000000)
  region size 1024K, 0 young (0K), 0 survivors (0K)

[error occurred during error reporting (printing heap information), id 0xc0000005, EXCEPTION_ACCESS_VIOLATION (0xc0000005) at pc=0x00007ffd313e3859]

GC Heap History (0 events):
No events

Deoptimization events (0 events):
No events

Classes unloaded (0 events):
No events

Classes redefined (0 events):
No events

Internal exceptions (0 events):
No events

VM Operations (0 events):
No events

Events (1 events):
Event: 0.026 Loaded shared library C:\Program Files\Java\jdk-17\bin\java.dll


Dynamic libraries:
0x00007ff6b5820000 - 0x00007ff6b5830000 	C:\Program Files\Java\jdk-17\bin\java.exe
0x00007ffdfc200000 - 0x00007ffdfc468000 	C:\WINDOWS\SYSTEM32\ntdll.dll
0x00007ffdfadf0000 - 0x00007ffdfaeb9000 	C:\WINDOWS\System32\KERNEL32.DLL
0x00007ffdf9830000 - 0x00007ffdf9c1d000 	C:\WINDOWS\System32\KERNELBASE.dll
0x00007ffdf9d10000 - 0x00007ffdf9e5b000 	C:\WINDOWS\System32\ucrtbase.dll
0x00007ffdd4970000 - 0x00007ffdd498b000 	C:\Program Files\Java\jdk-17\bin\VCRUNTIME140.dll
0x00007ffdd4990000 - 0x00007ffdd49a9000 	C:\Program Files\Java\jdk-17\bin\jli.dll
0x00007ffdfb560000 - 0x00007ffdfb614000 	C:\WINDOWS\System32\ADVAPI32.dll
0x00007ffdfaf20000 - 0x00007ffdfafc9000 	C:\WINDOWS\System32\msvcrt.dll
0x00007ffdf9fa0000 - 0x00007ffdfa046000 	C:\WINDOWS\System32\sechost.dll
0x00007ffdfc0a0000 - 0x00007ffdfc1b8000 	C:\WINDOWS\System32\RPCRT4.dll
0x00007ffdfb290000 - 0x00007ffdfb45c000 	C:\WINDOWS\System32\USER32.dll
0x00007ffdf9c20000 - 0x00007ffdf9c47000 	C:\WINDOWS\System32\win32u.dll
0x00007ffdfa260000 - 0x00007ffdfa28b000 	C:\WINDOWS\System32\GDI32.dll
0x00007ffdd8d10000 - 0x00007ffdd8faa000 	C:\WINDOWS\WinSxS\amd64_microsoft.windows.common-controls_6595b64144ccf1df_6.0.26100.4484_none_3e0e6d4ce32ef3b3\COMCTL32.dll
0x00007ffdf9350000 - 0x00007ffdf9487000 	C:\WINDOWS\System32\gdi32full.dll
0x00007ffdf9e60000 - 0x00007ffdf9f03000 	C:\WINDOWS\System32\msvcp_win.dll
0x00007ffdee3e0000 - 0x00007ffdee3eb000 	C:\WINDOWS\SYSTEM32\VERSION.dll
0x00007ffdfb250000 - 0x00007ffdfb27f000 	C:\WINDOWS\System32\IMM32.DLL
0x00007ffddab00000 - 0x00007ffddab0c000 	C:\Program Files\Java\jdk-17\bin\vcruntime140_1.dll
0x00007ffdb7310000 - 0x00007ffdb739e000 	C:\Program Files\Java\jdk-17\bin\msvcp140.dll
0x00007ffd30d10000 - 0x00007ffd318f0000 	C:\Program Files\Java\jdk-17\bin\server\jvm.dll
0x00007ffdfb240000 - 0x00007ffdfb248000 	C:\WINDOWS\System32\PSAPI.DLL
0x00007ffdce770000 - 0x00007ffdce77a000 	C:\WINDOWS\SYSTEM32\WSOCK32.dll
0x00007ffdfa170000 - 0x00007ffdfa1e4000 	C:\WINDOWS\System32\WS2_32.dll
0x00007ffdf0c10000 - 0x00007ffdf0c45000 	C:\WINDOWS\SYSTEM32\WINMM.dll
0x00007ffdf80f0000 - 0x00007ffdf810b000 	C:\WINDOWS\SYSTEM32\kernel.appcore.dll
0x00007ffdd59a0000 - 0x00007ffdd59aa000 	C:\Program Files\Java\jdk-17\bin\jimage.dll
0x00007ffdf6bb0000 - 0x00007ffdf6df1000 	C:\WINDOWS\SYSTEM32\DBGHELP.DLL
0x00007ffdfbcb0000 - 0x00007ffdfc036000 	C:\WINDOWS\System32\combase.dll
0x00007ffdfa050000 - 0x00007ffdfa130000 	C:\WINDOWS\System32\OLEAUT32.dll
0x00007ffdd5e30000 - 0x00007ffdd5e73000 	C:\WINDOWS\SYSTEM32\dbgcore.DLL
0x00007ffdf9790000 - 0x00007ffdf9829000 	C:\WINDOWS\System32\bcryptPrimitives.dll
0x00007ffde9a90000 - 0x00007ffde9a9e000 	C:\Program Files\Java\jdk-17\bin\instrument.dll
0x00007ffdcea60000 - 0x00007ffdcea85000 	C:\Program Files\Java\jdk-17\bin\java.dll

dbghelp: loaded successfully - version: 4.0.5 - missing functions: none
symbol engine: initialized successfully - sym options: 0x614 - pdb path: .;C:\Program Files\Java\jdk-17\bin;C:\WINDOWS\SYSTEM32;C:\WINDOWS\WinSxS\amd64_microsoft.windows.common-controls_6595b64144ccf1df_6.0.26100.4484_none_3e0e6d4ce32ef3b3;C:\Program Files\Java\jdk-17\bin\server

VM Arguments:
jvm_args: -javaagent:C:\Program Files\JetBrains\IntelliJ IDEA Community Edition 2024.2.3\lib\idea_rt.jar=63349:C:\Program Files\JetBrains\IntelliJ IDEA Community Edition 2024.2.3\bin -Dfile.encoding=UTF-8 
java_command: com.priyanshi.LearningSpringBoot.LearningSpringBootApplication
java_class_path (initial): C:\Users\priya\IdeaProjects\LearningSpringBoot\target\classes;C:\Users\priya\.m2\repository\org\springframework\boot\spring-boot-starter-web\3.5.4\spring-boot-starter-web-3.5.4.jar;C:\Users\priya\.m2\repository\org\springframework\boot\spring-boot-starter\3.5.4\spring-boot-starter-3.5.4.jar;C:\Users\priya\.m2\repository\org\springframework\boot\spring-boot\3.5.4\spring-boot-3.5.4.jar;C:\Users\priya\.m2\repository\org\springframework\boot\spring-boot-autoconfigure\3.5.4\spring-boot-autoconfigure-3.5.4.jar;C:\Users\priya\.m2\repository\org\springframework\boot\spring-boot-starter-logging\3.5.4\spring-boot-starter-logging-3.5.4.jar;C:\Users\priya\.m2\repository\ch\qos\logback\logback-classic\1.5.18\logback-classic-1.5.18.jar;C:\Users\priya\.m2\repository\ch\qos\logback\logback-core\1.5.18\logback-core-1.5.18.jar;C:\Users\priya\.m2\repository\org\apache\logging\log4j\log4j-to-slf4j\2.24.3\log4j-to-slf4j-2.24.3.jar;C:\Users\priya\.m2\repository\org\apache\logging\log4j\log4j-api\2.24.3\log4j-api-2.24.3.jar;C:\Users\priya\.m2\repository\org\slf4j\jul-to-slf4j\2.0.17\jul-to-slf4j-2.0.17.jar;C:\Users\priya\.m2\repository\jakarta\annotation\jakarta.annotation-api\2.1.1\jakarta.annotation-api-2.1.1.jar;C:\Users\priya\.m2\repository\org\yaml\snakeyaml\2.4\snakeyaml-2.4.jar;C:\Users\priya\.m2\repository\org\springframework\boot\spring-boot-starter-json\3.5.4\spring-boot-starter-json-3.5.4.jar;C:\Users\priya\.m2\repository\com\fasterxml\jackson\core\jackson-databind\2.19.2\jackson-databind-2.19.2.jar;C:\Users\priya\.m2\repository\com\fasterxml\jackson\core\jackson-annotations\2.19.2\jackson-annotations-2.19.2.jar;C:\Users\priya\.m2\repository\com\fasterxml\jackson\core\jackson-core\2.19.2\jackson-core-2.19.2.jar;C:\Users\priya\.m2\repository\com\fasterxml\jackson\datatype\jackson-datatype-jdk8\2.19.2\jackson-datatype-jdk8-2.19.2.jar;C:\Users\priya\.m2\repository\com\fasterxml\jackson\datatype\jackson-datatype-jsr310\2.19.2\jackson-datatype-jsr310-2.1
Launcher Type: SUN_STANDARD

[Global flags]
     intx CICompilerCount                          = 4                                         {product} {ergonomic}
     uint ConcGCThreads                            = 2                                         {product} {ergonomic}
     uint G1ConcRefinementThreads                  = 8                                         {product} {ergonomic}
   size_t G1HeapRegionSize                         = 1048576                                   {product} {ergonomic}
    uintx GCDrainStackTargetSize                   = 64                                        {product} {ergonomic}
   size_t InitialHeapSize                          = 130023424                                 {product} {ergonomic}
   size_t MarkStackSize                            = 4194304                                   {product} {ergonomic}
   size_t MaxHeapSize                              = 2055208960                                {product} {ergonomic}
   size_t MinHeapDeltaBytes                        = 1048576                                   {product} {ergonomic}
   size_t MinHeapSize                              = 8388608                                   {product} {ergonomic}
    uintx NonNMethodCodeHeapSize                   = 5839372                                {pd product} {ergonomic}
    uintx NonProfiledCodeHeapSize                  = 122909434                              {pd product} {ergonomic}
    uintx ProfiledCodeHeapSize                     = 122909434                              {pd product} {ergonomic}
    uintx ReservedCodeCacheSize                    = 251658240                              {pd product} {ergonomic}
     bool SegmentedCodeCache                       = true                                      {product} {ergonomic}
   size_t SoftMaxHeapSize                          = 2055208960                             {manageable} {ergonomic}
     bool UseCompressedClassPointers               = true                           {product lp64_product} {ergonomic}
     bool UseCompressedOops                        = true                           {product lp64_product} {ergonomic}
     bool UseG1GC                                  = true                                      {product} {ergonomic}
     bool UseLargePagesIndividualAllocation        = false                                  {pd product} {ergonomic}

Logging:
Log output configuration:
 #0: stdout all=warning uptime,level,tags
 #1: stderr all=off uptime,level,tags

Environment Variables:
PATH=C:\Users\priya\AppData\Local\Programs\Python\Python312\Scripts\;C:\Users\priya\AppData\Local\Programs\Python\Python312\;C:\Program Files\Common Files\Oracle\Java\javapath;C:\MinGW\bin;C:\Python311\Scripts\;C:\Python311\;C:\WINDOWS\system32;C:\WINDOWS;C:\WINDOWS\System32\Wbem;C:\WINDOWS\System32\WindowsPowerShell\v1.0\;C:\WINDOWS\System32\OpenSSH\;C:\Program Files\Git\cmd;C:\ProgramData\chocolatey\bin;C:\Program Files\HP\HP One Agent;C:\Program Files\dotnet\;C:\Program Files (x86)\Microsoft SQL Server\160\Tools\Binn\;C:\Program Files\Microsoft SQL Server\160\Tools\Binn\;C:\Program Files\Microsoft SQL Server\Client SDK\ODBC\170\Tools\Binn\;C:\Program Files\Microsoft SQL Server\160\DTS\Binn\;C:\Program Files (x86)\Microsoft SQL Server\160\DTS\Binn\;C:\WINDOWS\system32;C:\WINDOWS;C:\WINDOWS\System32\Wbem;C:\WINDOWS\System32\WindowsPowerShell\v1.0\;C:\WINDOWS\System32\OpenSSH\;C:\Program Files (x86)\Windows Kits\10\Windows Performance Toolkit\;C:\Program Files\nodejs\;C:\Program Files\Microsoft SQL Server\150\Tools\Binn\;C:\Program Files\MySQL\MySQL Server 8.0\bin;C:\sqljdbc_auth;C:\Program Files\Eclipse Adoptium\jdk-17.0.12.7-hotspot\;C:\MinGW\bin;C:\Users\priya\AppData\Local\Microsoft\WindowsApps;C:\Users\priya\AppData\Roaming\npm;C:\Users\priya\.dotnet\tools;C:\Users\priya\AppData\Local\Programs\Microsoft VS Code\bin;C:\Users\priya\AppData\Roaming\npm;
USERNAME=priya
OS=Windows_NT
PROCESSOR_IDENTIFIER=Intel64 Family 6 Model 140 Stepping 1, GenuineIntel



---------------  S Y S T E M  ---------------

OS:
 Windows 11 , 64 bit Build 26100 (10.0.26100.4484)
OS uptime: 4 days 13:28 hours

CPU: total 8 (initial active 8) (4 cores per cpu, 2 threads per core) family 6 model 140 stepping 1 microcode 0xb4, cx8, cmov, fxsr, ht, mmx, 3dnowpref, sse, sse2, sse3, ssse3, sse4.1, sse4.2, popcnt, lzcnt, tsc, tscinvbit, avx, avx2, aes, erms, clmul, bmi1, bmi2, adx, avx512f, avx512dq, avx512cd, avx512bw, avx512vl, sha, fma, vzeroupper, avx512_vpopcntdq, avx512_vpclmulqdq, avx512_vaes, avx512_vnni, clflush, clflushopt, clwb, avx512_vbmi2, avx512_vbmi

Memory: 4k page, system-wide physical 7834M (595M free)
TotalPageFile size 31386M (AvailPageFile size 100M)
current process WorkingSet (physical memory assigned to process): 12M, peak: 12M
current process commit charge ("private bytes"): 60M, peak: 184M

vm_info: Java HotSpot(TM) 64-Bit Server VM (17.0.12+8-LTS-286) for windows-amd64 JRE (17.0.12+8-LTS-286), built on Jun  5 2024 06:46:59 by "mach5one" with MS VC++ 17.6 (VS2022)

END.
